<?xml version="1.0" encoding="UTF-8"?>
<Site BuildName="Linux-g++"
	BuildStamp="20260916-0924-Experimental"
	Name="fedora"
	Generator="ctest-4.3.0"
	CompilerName="/usr/bin/g++"
	CompilerVersion="16.2.1"
	OSName="Linux"
	Hostname="fedora"
	OSRelease="6.19.10-300.fc44.x86_64"
	OSVersion="#1 SMP PREEMPT_DYNAMIC Wed Mar 25 18:23:49 UTC 2026"
	OSPlatform="x86_64"
	Is64Bits="1"
	VendorString="GenuineIntel"
	VendorID="Intel Corporation"
	FamilyID="6"
	ModelID="198"
	ModelName="Intel(R) Core(TM) Ultra 9 275HX"
	ProcessorCacheSize="36864"
	NumberOfLogicalCPU="24"
	NumberOfPhysicalCPU="24"
	TotalVirtualMemory="8191"
	TotalPhysicalMemory="31503"
	LogicalProcessorsPerPhysical="1"
	ProcessorClockFrequency="1906.594971"
	>
	<Testing>
		<StartDateTime>Sep 16 17:36 CST</StartDateTime>
		<StartTestTime>1789551386</StartTestTime>
		<TestList/>
		<EndDateTime>Sep 16 17:36 CST</EndDateTime>
		<EndTestTime>1789551386</EndTestTime>
		<ElapsedMinutes>0</ElapsedMinutes>
	</Testing>
</Site>
